<?xml version="1.0" encoding="UTF-8"?>
<!-- Generated by org.testng.reporters.JUnitXMLReporter -->
<testsuite ignored="0" hostname="HASSEN-HP" failures="0" tests="4" name="Test" time="52.139" errors="0" timestamp="2020-03-21T18:33:16 EDT">
  <testcase classname="flight.expedia.com.HomePage" name="findElementofExpedia" time="5.579"/>
  <testcase classname="flight.expedia.com.Browser" name="verifyHomepageTitle" time="0.01"/>
  <testcase classname="flight.expedia.com.HomePage" name="departurdate" time="11.448"/>
  <testcase classname="flight.expedia.com.HomePage" name="returndate" time="10.817"/>
</testsuite> <!-- Test -->
