<?xml version="1.0" encoding="UTF-8"?>
<!-- Generated by org.testng.reporters.JUnitXMLReporter -->
<testsuite ignored="0" hostname="HASSEN-HP" failures="0" tests="4" name="Chrome_Test" time="84.08" errors="0" timestamp="2020-04-07T21:48:19 EDT">
  <testcase classname="run.Execute" name="testHomepage" time="35.712"/>
  <testcase classname="flight.expedia.com.Browser" name="verifyHomepageTitle" time="0.009"/>
  <testcase classname="flight.expedia.com.Browser" name="GetCurrentDateAndTime" time="0.019"/>
  <testcase classname="run.Execute" name="passengersInfo" time="31.308"/>
</testsuite> <!-- Chrome_Test -->
