-------------------------------------------------------------------------------
Test set: run.API_Test
-------------------------------------------------------------------------------
Tests run: 2, Failures: 1, Errors: 0, Skipped: 0, Time elapsed: 6.901 s <<< FAILURE! - in run.API_Test
post(run.API_Test)  Time elapsed: 1.136 s  <<< FAILURE!
java.lang.AssertionError: 
1 expectation failed.
Expected status code <200> but was <406>.

	at run.API_Test.post(API_Test.java:23)

