<?xml version="1.0" encoding="UTF-8"?>
<testng-results ignored="0" total="4" passed="4" failed="0" skipped="0">
  <reporter-output>
    <line>
      <![CDATA[Executed Successfully]]>
    </line>
    <line>
      <![CDATA[Executed Successfully]]>
    </line>
  </reporter-output>
  <suite started-at="2020-04-07T21:46:54 EDT" name="Expedia_Suite_Adhoc" finished-at="2020-04-07T21:48:18 EDT" duration-ms="84080">
    <groups>
    </groups>
    <test started-at="2020-04-07T21:46:54 EDT" name="Chrome_Test" finished-at="2020-04-07T21:48:18 EDT" duration-ms="84080">
      <class name="run.Execute">
        <test-method is-config="true" signature="beforeClass(java.lang.String, java.lang.String)[pri:0, instance:run.Execute@36d585c]" started-at="2020-04-07T21:46:54 EDT" name="beforeClass" finished-at="2020-04-07T21:47:10 EDT" duration-ms="15235" status="PASS">
          <params>
            <param index="0">
              <value>
                <![CDATA[https://www.expedia.com]]>
              </value>
            </param>
            <param index="1">
              <value>
                <![CDATA[chrome]]>
              </value>
            </param>
          </params>
          <reporter-output>
          </reporter-output>
        </test-method> <!-- beforeClass -->
        <test-method signature="testHomepage()[pri:0, instance:run.Execute@36d585c]" started-at="2020-04-07T21:47:10 EDT" name="testHomepage" finished-at="2020-04-07T21:47:45 EDT" duration-ms="35712" status="PASS">
          <reporter-output>
            <line>
              <![CDATA[Executed Successfully]]>
            </line>
          </reporter-output>
        </test-method> <!-- testHomepage -->
        <test-method signature="verifyHomepageTitle()[pri:0, instance:run.Execute@36d585c]" started-at="2020-04-07T21:47:46 EDT" name="verifyHomepageTitle" finished-at="2020-04-07T21:47:46 EDT" duration-ms="9" status="PASS">
          <reporter-output>
          </reporter-output>
        </test-method> <!-- verifyHomepageTitle -->
        <test-method signature="GetCurrentDateAndTime()[pri:1, instance:run.Execute@36d585c]" started-at="2020-04-07T21:47:46 EDT" name="GetCurrentDateAndTime" finished-at="2020-04-07T21:47:46 EDT" duration-ms="19" status="PASS">
          <reporter-output>
          </reporter-output>
        </test-method> <!-- GetCurrentDateAndTime -->
        <test-method signature="passengersInfo()[pri:1, instance:run.Execute@36d585c]" started-at="2020-04-07T21:47:47 EDT" name="passengersInfo" finished-at="2020-04-07T21:48:18 EDT" duration-ms="31308" status="PASS">
          <reporter-output>
            <line>
              <![CDATA[Executed Successfully]]>
            </line>
          </reporter-output>
        </test-method> <!-- passengersInfo -->
        <test-method is-config="true" signature="afterClass()[pri:0, instance:run.Execute@36d585c]" started-at="2020-04-07T21:48:18 EDT" name="afterClass" finished-at="2020-04-07T21:48:18 EDT" duration-ms="0" status="PASS">
          <reporter-output>
          </reporter-output>
        </test-method> <!-- afterClass -->
      </class> <!-- run.Execute -->
    </test> <!-- Chrome_Test -->
  </suite> <!-- Expedia_Suite_Adhoc -->
</testng-results>
